<?xml version="1.0" encoding="UTF-8"?>
<!-- Generated by org.testng.reporters.JUnitReportReporter -->
<testsuite hostname="DESKTOP-9IFTCKI" failures="0" tests="2" name="com.testCases.LoginTest" time="7.002" errors="0" timestamp="2023-11-22T06:36:50 IST" skipped="0">
  <testcase classname="com.testCases.LoginTest" name="LoginTestCase" time="4.345"/>
  <testcase classname="com.testCases.LoginTest" name="LoginTestCase" time="2.657"/>
</testsuite> <!-- com.testCases.LoginTest -->
