<?xml version="1.0" encoding="UTF-8"?>
<!-- Generated by org.testng.reporters.JUnitReportReporter -->
<testsuite hostname="DESKTOP-9IFTCKI" failures="0" tests="2" name="com.testCases.LoginTest" time="5.156" errors="0" timestamp="2023-11-25T22:26:35 IST" skipped="0">
  <testcase classname="com.testCases.LoginTest" name="LoginTestCase" time="3.005"/>
  <testcase classname="com.testCases.LoginTest" name="LoginTestCase" time="2.151"/>
</testsuite> <!-- com.testCases.LoginTest -->
