<?xml version="1.0" encoding="UTF-8"?>
<!-- Generated by org.testng.reporters.JUnitReportReporter -->
<testsuite hostname="DESKTOP-9IFTCKI" failures="0" tests="6" name="com.testCases.TC_003_LoginDataDrivenTest" time="9.091" errors="0" timestamp="2023-11-25T22:28:55 IST" skipped="0">
  <testcase classname="com.testCases.TC_003_LoginDataDrivenTest" name="dataDrivenTest" time="1.466"/>
  <testcase classname="com.testCases.TC_003_LoginDataDrivenTest" name="dataDrivenTest" time="1.390"/>
  <testcase classname="com.testCases.TC_003_LoginDataDrivenTest" name="dataDrivenTest" time="1.955"/>
  <testcase classname="com.testCases.TC_003_LoginDataDrivenTest" name="dataDrivenTest" time="1.312"/>
  <testcase classname="com.testCases.TC_003_LoginDataDrivenTest" name="dataDrivenTest" time="1.547"/>
  <testcase classname="com.testCases.TC_003_LoginDataDrivenTest" name="dataDrivenTest" time="1.421"/>
</testsuite> <!-- com.testCases.TC_003_LoginDataDrivenTest -->
