<?xml version="1.0" encoding="UTF-8"?>
<!-- Generated by org.testng.reporters.JUnitReportReporter -->
<testsuite hostname="DESKTOP-9IFTCKI" failures="0" tests="1" name="com.testBase.RegistrationTestCase" time="21.756" errors="0" timestamp="2023-11-04T17:31:10 IST" skipped="0">
  <testcase classname="com.testBase.RegistrationTestCase" name="regstrationTestCase" time="21.756"/>
</testsuite> <!-- com.testBase.RegistrationTestCase -->
