<?xml version="1.0" encoding="UTF-8"?>
<!-- Generated by org.testng.reporters.JUnitReportReporter -->
<testsuite hostname="DESKTOP-9IFTCKI" failures="0" tests="1" name="com.testCases.LoginTest" time="1.846" errors="0" timestamp="2023-11-19T22:50:30 IST" skipped="0">
  <testcase classname="com.testCases.LoginTest" name="LoginTestCase" time="1.846"/>
</testsuite> <!-- com.testCases.LoginTest -->
