<?xml version="1.0" encoding="UTF-8"?>
<!-- Generated by org.testng.reporters.JUnitReportReporter -->
<testsuite hostname="DESKTOP-9IFTCKI" failures="0" tests="1" name="com.testCases.LoginTest" time="1.770" errors="0" timestamp="2023-11-20T21:38:20 IST" skipped="0">
  <testcase classname="com.testCases.LoginTest" name="LoginTestCase" time="1.770"/>
</testsuite> <!-- com.testCases.LoginTest -->
