<?xml version="1.0" encoding="UTF-8"?>
<!-- Generated by org.testng.reporters.JUnitReportReporter -->
<testsuite hostname="DESKTOP-9IFTCKI" failures="0" tests="6" name="com.testCases.TC_003_LoginDataDrivenTest" time="6.546" errors="0" timestamp="2023-11-25T22:41:46 IST" skipped="0">
  <testcase classname="com.testCases.TC_003_LoginDataDrivenTest" name="dataDrivenTest" time="1.211"/>
  <testcase classname="com.testCases.TC_003_LoginDataDrivenTest" name="dataDrivenTest" time="1.100"/>
  <testcase classname="com.testCases.TC_003_LoginDataDrivenTest" name="dataDrivenTest" time="1.449"/>
  <testcase classname="com.testCases.TC_003_LoginDataDrivenTest" name="dataDrivenTest" time="0.782"/>
  <testcase classname="com.testCases.TC_003_LoginDataDrivenTest" name="dataDrivenTest" time="0.786"/>
  <testcase classname="com.testCases.TC_003_LoginDataDrivenTest" name="dataDrivenTest" time="1.218"/>
</testsuite> <!-- com.testCases.TC_003_LoginDataDrivenTest -->
