<?xml version="1.0" encoding="UTF-8"?>
<!-- Generated by org.testng.reporters.JUnitReportReporter -->
<testsuite hostname="DESKTOP-9IFTCKI" failures="0" tests="2" name="com.testCases.LoginTest" time="4.580" errors="0" timestamp="2023-11-25T22:41:46 IST" skipped="0">
  <testcase classname="com.testCases.LoginTest" name="LoginTestCase" time="2.082"/>
  <testcase classname="com.testCases.LoginTest" name="LoginTestCase" time="2.498"/>
</testsuite> <!-- com.testCases.LoginTest -->
